1568099688293	mozrunner::runner	INFO	Running command: "C:\\Program Files\\Mozilla Firefox\\firefox.exe" "-marionette" "-foreground" "-no-remote" "-profile" "C:\\Users\\ADMINI~1\\AppData\\Local\\Temp\\rust_mozprofile.hHtYVtCrd3tB"
1568099688770	addons.webextension.screenshots@mozilla.org	WARN	Loading extension 'screenshots@mozilla.org': Reading manifest: Invalid extension permission: mozillaAddons
1568099688770	addons.webextension.screenshots@mozilla.org	WARN	Loading extension 'screenshots@mozilla.org': Reading manifest: Invalid extension permission: telemetry
1568099688771	addons.webextension.screenshots@mozilla.org	WARN	Loading extension 'screenshots@mozilla.org': Reading manifest: Invalid extension permission: resource://pdf.js/
1568099688771	addons.webextension.screenshots@mozilla.org	WARN	Loading extension 'screenshots@mozilla.org': Reading manifest: Invalid extension permission: about:reader*
JavaScript error: resource://gre/modules/XULStore.jsm, line 66: Error: Can't find profile directory.
1568099690923	Marionette	INFO	Listening on port 49225
1568099691012	Marionette	WARN	TLS certificate errors will be ignored for this session
1568099692457	Marionette	INFO	Stopped listening on port 49225
[Child 3240, Chrome_ChildThread] WARNING: pipe error: 109: file z:/task_1566864336/build/src/ipc/chromium/src/chrome/common/ipc_channel_win.cc, line 341
[Child 3240, Chrome_C[Child 120, Chrome_ChildThread] WARNING: pipe error: 109: file z:/task_1566864336/build/src/ipc/chromium/src/chrome/common/ipc_channel_win.cc, line 341
[Child 120, Chrome_ChildThread][Parent 4444, Gecko_IOThread] WARNING: pipe error: 109: file z:/task_1566864336/build/src/ipc/chromium/src/chrome/common/ipc_channel_win.cc, line 341
[Child 8168, Chrome_ChildThread] WARNING: pipe error: 109: file z:/task_1566864336/build/src/ipc/chromium/src/chrome/common/ipc_channel_win.cc, line 341
[Child 8168, Chrom
###!!! [Child][RunMessage] Error: Channel closing: too late to send/recv, messages will be lost

[GPU 6
###!!! [Child][MessageChannel::SendAndWait] Error: Channel error: cannot send/recv

1568099835046	mozrunner::runner	INFO	Running command: "C:\\Program Files\\Mozilla Firefox\\firefox.exe" "-marionette" "-foreground" "-no-remote" "-profile" "C:\\Users\\ADMINI~1\\AppData\\Local\\Temp\\rust_mozprofile.BJBKycSqGodk"
1568099835565	addons.webextension.screenshots@mozilla.org	WARN	Loading extension 'screenshots@mozilla.org': Reading manifest: Invalid extension permission: mozillaAddons
1568099835565	addons.webextension.screenshots@mozilla.org	WARN	Loading extension 'screenshots@mozilla.org': Reading manifest: Invalid extension permission: telemetry
1568099835566	addons.webextension.screenshots@mozilla.org	WARN	Loading extension 'screenshots@mozilla.org': Reading manifest: Invalid extension permission: resource://pdf.js/
1568099835566	addons.webextension.screenshots@mozilla.org	WARN	Loading extension 'screenshots@mozilla.org': Reading manifest: Invalid extension permission: about:reader*
JavaScript error: resource://gre/modules/XULStore.jsm, line 66: Error: Can't find profile directory.
1568099837680	Marionette	INFO	Listening on port 49296
1568099837769	Marionette	WARN	TLS certificate errors will be ignored for this session
1568099840498	Marionette	INFO	Stopped listening on port 49296
[Child 11916, Chrome_ChildThread] WARNING: pipe error: 109: file z:/task_1566864336/build/src/ipc/chromium/src/chrome/common/ipc_channel_win.cc, line 341
[Child 11916, Chrome_ChildThread] WARNING[Parent 14332, Gecko_IOThread] WARNING: pipe error: 109: file z:/task_1566864336/build/src/ipc/chromium/src/chrome/common/ipc_channel_win.cc, line 341
[Child 5196, Chrome_ChildThread] WARNING: pipe error: 109: file z:/task_1566864336/build/src/ipc/chromium/src/chrome/common/ipc_channel_win.cc, line 341
[Child 5196, Chr
###!!! [Child][RunMessage] Error: Channel closing: too late to send/recv, messages will be lost

[GPU 7868, Chrome_ChildThre
###!!! [Child][MessageChannel::SendAndWait] Error: Channel error: cannot send/recv

1568100359823	mozrunner::runner	INFO	Running command: "C:\\Program Files\\Mozilla Firefox\\firefox.exe" "-marionette" "-foreground" "-no-remote" "-profile" "C:\\Users\\ADMINI~1\\AppData\\Local\\Temp\\rust_mozprofile.hgCzeP0I2uct"
1568100360337	addons.webextension.screenshots@mozilla.org	WARN	Loading extension 'screenshots@mozilla.org': Reading manifest: Invalid extension permission: mozillaAddons
1568100360337	addons.webextension.screenshots@mozilla.org	WARN	Loading extension 'screenshots@mozilla.org': Reading manifest: Invalid extension permission: telemetry
1568100360338	addons.webextension.screenshots@mozilla.org	WARN	Loading extension 'screenshots@mozilla.org': Reading manifest: Invalid extension permission: resource://pdf.js/
1568100360338	addons.webextension.screenshots@mozilla.org	WARN	Loading extension 'screenshots@mozilla.org': Reading manifest: Invalid extension permission: about:reader*
JavaScript error: resource://gre/modules/XULStore.jsm, line 66: Error: Can't find profile directory.
1568100362573	Marionette	INFO	Listening on port 49387
1568100363044	Marionette	WARN	TLS certificate errors will be ignored for this session
1568100364172	Marionette	INFO	Stopped listening on port 49387
[Child 9136, Chrome_ChildThread] WARNING: pipe error: 109: file z:/task_1566864336/build/src/ipc/chromium/src/chrome/common/ipc_channel_win.cc, line 341
[Child 9136, Chr[Child 12836, Chrome_ChildThread] WARNING: pipe error: 109: file z:/task_1566864336/build/src/ipc/chromium/src/chrome/common/ipc_channel_win.cc, line 341
[Child 12836
###!!! [Child][RunMessage] Error: Channel closing: too late to send/recv, messages will be lost

[GPU 9472, 
###!!! [Child][MessageChannel::SendAndWait] Error: Channel error: cannot send/recv

1568100397688	mozrunner::runner	INFO	Running command: "C:\\Program Files\\Mozilla Firefox\\firefox.exe" "-marionette" "-foreground" "-no-remote" "-profile" "C:\\Users\\ADMINI~1\\AppData\\Local\\Temp\\rust_mozprofile.N7Poj0MwOrlS"
1568100398132	addons.webextension.screenshots@mozilla.org	WARN	Loading extension 'screenshots@mozilla.org': Reading manifest: Invalid extension permission: mozillaAddons
1568100398132	addons.webextension.screenshots@mozilla.org	WARN	Loading extension 'screenshots@mozilla.org': Reading manifest: Invalid extension permission: telemetry
1568100398132	addons.webextension.screenshots@mozilla.org	WARN	Loading extension 'screenshots@mozilla.org': Reading manifest: Invalid extension permission: resource://pdf.js/
1568100398132	addons.webextension.screenshots@mozilla.org	WARN	Loading extension 'screenshots@mozilla.org': Reading manifest: Invalid extension permission: about:reader*
JavaScript error: resource://gre/modules/XULStore.jsm, line 66: Error: Can't find profile directory.
1568100400101	Marionette	INFO	Listening on port 49447
1568100400409	Marionette	WARN	TLS certificate errors will be ignored for this session
1568100401574	Marionette	INFO	Stopped listening on port 49447
[Child 3068, Chrome_ChildThread] WARNING: pipe error: 109: file z:/task_1566864336/build/src/ipc/chromium/src/chrome/common/ipc_channel_win.cc, line 341
[Child 3068, C[Child 6364, Chrome_ChildThread] WARNING: pipe error: 109: file z:/task_1566864336/build/src/ipc/chromium/src/chrome/common/ipc_channel_win.cc, line 341
[Child 6364, Chrome_ChildThread] WARNING: pipe error: 109: file z:/task_1566864336/build/src/ipc/chromium/src/chrome/common/ipc_channel_win.cc, line 341
[Child 11256, Chrome_ChildThread] WARNING: pipe error: 109: file z:/task_1566864336/build/src/ipc/chromium/src/chrome/common/ipc_channel_win.cc, line 341
[Child 11256, Chro[GPU 15200, Chr
###!!! [Child][MessageChannel::SendAndWait] Error: Channel error: cannot send/recv

